f:\onedrive\pc 端\`13 的文档\my study\c++\项目\小游戏\炮台\炮台\debug\vc120.pdb
f:\onedrive\pc 端\`13 的文档\my study\c++\项目\小游戏\炮台\炮台\debug\vc120.idb
f:\onedrive\pc 端\`13 的文档\my study\c++\项目\小游戏\炮台\炮台\debug\game_paotai.obj
f:\onedrive\pc 端\`13 的文档\my study\c++\项目\小游戏\炮台\debug\炮台.ilk
f:\onedrive\pc 端\`13 的文档\my study\c++\项目\小游戏\炮台\debug\炮台.exe
f:\onedrive\pc 端\`13 的文档\my study\c++\项目\小游戏\炮台\debug\炮台.pdb
d:\onedrive\onedrive_pc\`13 的文档\github\code collection\c++ game\炮台\炮台\debug\game_paotai-ms-20151215wayb.obj
d:\onedrive\onedrive_pc\`13 的文档\github\code collection\c++ game\炮台\炮台\debug\game_paotai.obj
d:\onedrive\onedrive_pc\`13 的文档\github\code collection\c++ game\炮台\炮台\debug\vc120-ms-20151215wayb.idb
d:\onedrive\onedrive_pc\`13 的文档\github\code collection\c++ game\炮台\炮台\debug\vc120.idb
d:\onedrive\onedrive_pc\`13 的文档\github\code collection\c++ game\炮台\炮台\debug\vc120-ms-20151215wayb.pdb
d:\onedrive\onedrive_pc\`13 的文档\github\code collection\c++ game\炮台\炮台\debug\vc120.pdb
d:\onedrive\onedrive_pc\`13 的文档\github\code collection\c++ game\炮台\debug\炮台.pdb
d:\onedrive\onedrive_pc\`13 的文档\github\code collection\c++ game\炮台\debug\炮台.exe
d:\onedrive\onedrive_pc\`13 的文档\github\code collection\c++ game\炮台\debug\炮台.ilk
d:\onedrive\onedrive_pc\`13 的文档\github\code collection\c++ game\炮台\炮台\debug\炮台.tlog\cl.command.1.tlog
d:\onedrive\onedrive_pc\`13 的文档\github\code collection\c++ game\炮台\炮台\debug\炮台.tlog\cl.read.1-ms-20151215wayb.tlog
d:\onedrive\onedrive_pc\`13 的文档\github\code collection\c++ game\炮台\炮台\debug\炮台.tlog\cl.read.1.tlog
d:\onedrive\onedrive_pc\`13 的文档\github\code collection\c++ game\炮台\炮台\debug\炮台.tlog\cl.write.1.tlog
d:\onedrive\onedrive_pc\`13 的文档\github\code collection\c++ game\炮台\炮台\debug\炮台.tlog\link.command.1.tlog
d:\onedrive\onedrive_pc\`13 的文档\github\code collection\c++ game\炮台\炮台\debug\炮台.tlog\link.read.1.tlog
d:\onedrive\onedrive_pc\`13 的文档\github\code collection\c++ game\炮台\炮台\debug\炮台.tlog\link.write.1.tlog
