生成启动时间为 2016/3/31 星期四 下午 6:27:07。
     1>项目“F:\OneDrive\PC 端\`13 的文档\My Study\C++\项目\小游戏\炮台\炮台\炮台.vcxproj”在节点 2 上(Rebuild 个目标)。
     1>ClCompile:
         Z:\Visual Studio 2013\VC\bin\CL.exe /c /ZI /nologo /W3 /WX- /Od /Oy- /D WIN32 /D _DEBUG /D _CONSOLE /D _LIB /D _UNICODE /D UNICODE /Gm /EHsc /RTC1 /MDd /GS /fp:precise /Zc:wchar_t /Zc:forScope /Fo"Debug\\" /Fd"Debug\vc120.pdb" /Gd /TP /analyze- /errorReport:prompt Game_paotai.cpp
         Game_paotai.cpp
     1>f:\onedrive\pc 端\`13 的文档\my study\c++\项目\小游戏\炮台\炮台\game_paotai.cpp(248): warning C4018: “<”: 有符号/无符号不匹配
     1>f:\onedrive\pc 端\`13 的文档\my study\c++\项目\小游戏\炮台\炮台\game_paotai.cpp(321): warning C4018: “<”: 有符号/无符号不匹配
     1>f:\onedrive\pc 端\`13 的文档\my study\c++\项目\小游戏\炮台\炮台\game_paotai.cpp(343): warning C4018: “<”: 有符号/无符号不匹配
     1>f:\onedrive\pc 端\`13 的文档\my study\c++\项目\小游戏\炮台\炮台\game_paotai.cpp(365): warning C4018: “<”: 有符号/无符号不匹配
     1>f:\onedrive\pc 端\`13 的文档\my study\c++\项目\小游戏\炮台\炮台\game_paotai.cpp(387): warning C4018: “<”: 有符号/无符号不匹配
     1>f:\onedrive\pc 端\`13 的文档\my study\c++\项目\小游戏\炮台\炮台\game_paotai.cpp(412): warning C4244: “参数”: 从“time_t”转换到“unsigned int”，可能丢失数据
     1>f:\onedrive\pc 端\`13 的文档\my study\c++\项目\小游戏\炮台\炮台\game_paotai.cpp(417): warning C4018: “<”: 有符号/无符号不匹配
     1>f:\onedrive\pc 端\`13 的文档\my study\c++\项目\小游戏\炮台\炮台\game_paotai.cpp(432): warning C4018: “<”: 有符号/无符号不匹配
     1>f:\onedrive\pc 端\`13 的文档\my study\c++\项目\小游戏\炮台\炮台\game_paotai.cpp(434): warning C4018: “<”: 有符号/无符号不匹配
       Link:
         Z:\Visual Studio 2013\VC\bin\link.exe /ERRORREPORT:PROMPT /OUT:"F:\OneDrive\PC 端\`13 的文档\My Study\C++\项目\小游戏\炮台\Debug\炮台.exe" /INCREMENTAL /NOLOGO kernel32.lib user32.lib gdi32.lib winspool.lib comdlg32.lib advapi32.lib shell32.lib ole32.lib oleaut32.lib uuid.lib odbc32.lib odbccp32.lib /MANIFEST /MANIFESTUAC:"level='asInvoker' uiAccess='false'" /manifest:embed /DEBUG /PDB:"F:\OneDrive\PC 端\`13 的文档\My Study\C++\项目\小游戏\炮台\Debug\炮台.pdb" /SUBSYSTEM:CONSOLE /TLBID:1 /DYNAMICBASE /NXCOMPAT /IMPLIB:"F:\OneDrive\PC 端\`13 的文档\My Study\C++\项目\小游戏\炮台\Debug\炮台.lib" /MACHINE:X86 Debug\Game_paotai.obj
         炮台.vcxproj -> F:\OneDrive\PC 端\`13 的文档\My Study\C++\项目\小游戏\炮台\Debug\炮台.exe
     1>已完成生成项目“F:\OneDrive\PC 端\`13 的文档\My Study\C++\项目\小游戏\炮台\炮台\炮台.vcxproj”(Rebuild 个目标)的操作。

生成成功。

已用时间 00:00:00.97
